<?xml version="1.0" encoding="UTF-8" ?>
<testsuite errors="0" failures="0" hostname="Ada-Komputer" name="testowaniekodu.BasicCalculatorTest" skipped="0" tests="22" time="0.292" timestamp="2018-04-10T06:19:04">
  <properties>
[...]
</properties>
  <testcase classname="testowaniekodu.BasicCalculatorTest" name="testCalculateDifferenceNotEquals" time="0.003" />
  <testcase classname="testowaniekodu.BasicCalculatorTest" name="testCalculateMultiplicationNotEquals" time="0.0" />
  <testcase classname="testowaniekodu.BasicCalculatorTest" name="testCalculatePowNotNull" time="0.001" />
  <testcase classname="testowaniekodu.BasicCalculatorTest" name="testCalculateSqlrNotNull" time="0.0" />
  <testcase classname="testowaniekodu.BasicCalculatorTest" name="testCalculateDifferenceEquals" time="0.0" />
  <testcase classname="testowaniekodu.BasicCalculatorTest" name="testCalculateMultiplicationNotNull" time="0.001" />
  <testcase classname="testowaniekodu.BasicCalculatorTest" name="testCalculateDifferenceNotNull" time="0.001" />
  <testcase classname="testowaniekodu.BasicCalculatorTest" name="testCalculateSumNotNull" time="0.004" />
  <testcase classname="testowaniekodu.BasicCalculatorTest" name="testCalculateDivisionEquals" time="0.001" />
  <testcase classname="testowaniekodu.BasicCalculatorTest" name="testCalculateDivisionNotEquals" time="0.001" />
  <testcase classname="testowaniekodu.BasicCalculatorTest" name="testCalculatePowEquals" time="0.0" />
  <testcase classname="testowaniekodu.BasicCalculatorTest" name="testCalculatePowNotEquals" time="0.0" />
  <testcase classname="testowaniekodu.BasicCalculatorTest" name="testCalculateSumNotEquals" time="0.0" />
  <testcase classname="testowaniekodu.BasicCalculatorTest" name="testCalculateSqlrNotEquals" time="0.0" />
  <testcase classname="testowaniekodu.BasicCalculatorTest" name="testCalculateDivisionException" time="0.001" />
  <testcase classname="testowaniekodu.BasicCalculatorTest" name="testCalculateDivisionNotNull" time="0.001" />
  <testcase classname="testowaniekodu.BasicCalculatorTest" name="testCalculatePowException" time="0.0" />
  <testcase classname="testowaniekodu.BasicCalculatorTest" name="testCalculateSqlrEquals" time="0.0" />
  <testcase classname="testowaniekodu.BasicCalculatorTest" name="testCalculateSumEqualsEquals" time="0.0" />
  <testcase classname="testowaniekodu.BasicCalculatorTest" name="testCalculateMultiplicationEquals" time="0.0" />
  <testcase classname="testowaniekodu.BasicCalculatorTest" name="testCalculateSqlrExceptionValueA" time="0.0" />
  <testcase classname="testowaniekodu.BasicCalculatorTest" name="testCalculateSqlrExceptionValueB" time="0.0" />
  <system-out><![CDATA[]]></system-out>
  <system-err><![CDATA[]]></system-err>
</testsuite>
